    OpenRGB v0.7
    Commit:  from 
    Launched: 20220105_123240
====================================================================================================

1001  |Info:    ------------------------------------------------------
1001  |Info:    |               Start device detection               |
1001  |Info:    ------------------------------------------------------
1001  |Info:    Initializing HID interfaces: Success
1007  |Info:    ------------------------------------------------------
1007  |Info:    |             Detecting I2C interfaces               |
1007  |Info:    ------------------------------------------------------
1007  |Info:    Registering I2C interface: /dev/i2c-3 Device 10DE:1C02 Subsystem: 19DA:2438
1007  |Info:    Registering I2C interface: /dev/i2c-1 Device 10DE:1C02 Subsystem: 19DA:2438
1007  |Info:    Registering I2C interface: /dev/i2c-8 Device 10DE:1C02 Subsystem: 19DA:2438
1007  |Info:    Registering I2C interface: /dev/i2c-15 Device 0000:0000 Subsystem: 0000:0000
1007  |Info:    Registering I2C interface: /dev/i2c-13 Device 10DE:1C02 Subsystem: 19DA:2438
1007  |Info:    Registering I2C interface: /dev/i2c-4 Device 10DE:1C02 Subsystem: 19DA:2438
1007  |Info:    Registering I2C interface: /dev/i2c-2 Device 10DE:1C02 Subsystem: 19DA:2438
1007  |Info:    Registering I2C interface: /dev/i2c-9 Device 10DE:1C02 Subsystem: 19DA:2438
1008  |Info:    Registering I2C interface: /dev/i2c-7 Device 10DE:1C02 Subsystem: 19DA:2438
1008  |Info:    Registering I2C interface: /dev/i2c-14 Device 10DE:1C02 Subsystem: 19DA:2438
1008  |Info:    Registering I2C interface: /dev/i2c-12 Device 10DE:1C02 Subsystem: 19DA:2438
1008  |Info:    ------------------------------------------------------
1008  |Info:    |               Detecting I2C devices                |
1008  |Info:    ------------------------------------------------------
1012  |Info:    ------------------------------------------------------
1012  |Info:    |               Detecting HID devices                |
1012  |Info:    ------------------------------------------------------
1012  |Info:    [Corsair Strafe Red] is not initialized
1012  |Info:    [Logitech G502 Proteus Spectrum Gaming Mouse] is not initialized
1012  |Info:    ------------------------------------------------------
1012  |Info:    |              Detecting other devices               |
1012  |Info:    ------------------------------------------------------
1015  |Info:    ------------------------------------------------------
1015  |Info:    |                Detection completed                 |
1015  |Info:    ------------------------------------------------------
1015  |Dialog:  <h2>WARNING:</h2><p>One or more I2C/SMBus interfaces failed to initialize.</p><p>RGB DRAM modules and some motherboards' onboard RGB lighting will not be available without I2C/SMBus.</p><p>On Linux, this is usually because the i2c-dev module is not loaded.  You must load the i2c-dev module along with the correct i2c driver for your motherboard.  This is usually i2c-piix4 for AMD systems and i2c-i801 for Intel systems.</p><p>See <a href='https://help.openrgb.org/'>help.openrgb.org</a> for additional troubleshooting steps if you keep seeing this message.<br></p>
1132  |Info:    Loading plugins
3801  |Info:    ------------------------------------------------------
3801  |Info:    |               Start device detection               |
3801  |Info:    ------------------------------------------------------
3801  |Info:    Initializing HID interfaces: Success
3803  |Info:    ------------------------------------------------------
3803  |Info:    |             Detecting I2C interfaces               |
3803  |Info:    ------------------------------------------------------
3803  |Info:    Registering I2C interface: /dev/i2c-3 Device 10DE:1C02 Subsystem: 19DA:2438
3803  |Info:    Registering I2C interface: /dev/i2c-1 Device 10DE:1C02 Subsystem: 19DA:2438
3803  |Info:    Registering I2C interface: /dev/i2c-8 Device 10DE:1C02 Subsystem: 19DA:2438
3803  |Info:    Registering I2C interface: /dev/i2c-15 Device 0000:0000 Subsystem: 0000:0000
3803  |Info:    Registering I2C interface: /dev/i2c-13 Device 10DE:1C02 Subsystem: 19DA:2438
3803  |Info:    Registering I2C interface: /dev/i2c-4 Device 10DE:1C02 Subsystem: 19DA:2438
3803  |Info:    Registering I2C interface: /dev/i2c-2 Device 10DE:1C02 Subsystem: 19DA:2438
3803  |Info:    Registering I2C interface: /dev/i2c-9 Device 10DE:1C02 Subsystem: 19DA:2438
3804  |Info:    Registering I2C interface: /dev/i2c-7 Device 10DE:1C02 Subsystem: 19DA:2438
3804  |Info:    Registering I2C interface: /dev/i2c-14 Device 10DE:1C02 Subsystem: 19DA:2438
3804  |Info:    Registering I2C interface: /dev/i2c-12 Device 10DE:1C02 Subsystem: 19DA:2438
3804  |Info:    ------------------------------------------------------
3804  |Info:    |               Detecting I2C devices                |
3804  |Info:    ------------------------------------------------------
3807  |Info:    ------------------------------------------------------
3807  |Info:    |               Detecting HID devices                |
3807  |Info:    ------------------------------------------------------
3807  |Info:    [Corsair Strafe Red] is not initialized
3807  |Info:    [Logitech G502 Proteus Spectrum Gaming Mouse] is not initialized
3807  |Info:    ------------------------------------------------------
3807  |Info:    |              Detecting other devices               |
3807  |Info:    ------------------------------------------------------
3808  |Info:    ------------------------------------------------------
3808  |Info:    |                Detection completed                 |
3808  |Info:    ------------------------------------------------------
3808  |Dialog:  <h2>WARNING:</h2><p>One or more I2C/SMBus interfaces failed to initialize.</p><p>RGB DRAM modules and some motherboards' onboard RGB lighting will not be available without I2C/SMBus.</p><p>On Linux, this is usually because the i2c-dev module is not loaded.  You must load the i2c-dev module along with the correct i2c driver for your motherboard.  This is usually i2c-piix4 for AMD systems and i2c-i801 for Intel systems.</p><p>See <a href='https://help.openrgb.org/'>help.openrgb.org</a> for additional troubleshooting steps if you keep seeing this message.<br></p>
