    OpenRGB v0.7
    Commit:  from 
    Launched: 20220105_230055
====================================================================================================

1009  |Info:    ------------------------------------------------------
1009  |Info:    |               Start device detection               |
1009  |Info:    ------------------------------------------------------
1009  |Info:    Initializing HID interfaces: Success
1013  |Info:    ------------------------------------------------------
1013  |Info:    |             Detecting I2C interfaces               |
1013  |Info:    ------------------------------------------------------
1013  |Info:    Registering I2C interface: /dev/i2c-3 Device 10DE:1C02 Subsystem: 19DA:2438
1013  |Info:    Registering I2C interface: /dev/i2c-10 Device 10DE:1C02 Subsystem: 19DA:2438
1013  |Info:    Registering I2C interface: /dev/i2c-1 Device 10DE:1C02 Subsystem: 19DA:2438
1013  |Info:    Registering I2C interface: /dev/i2c-17 Device 0000:0000 Subsystem: 0000:0000
1013  |Info:    Registering I2C interface: /dev/i2c-8 Device 10DE:1C02 Subsystem: 19DA:2438
1013  |Info:    Registering I2C interface: /dev/i2c-15 Device 0000:0000 Subsystem: 0000:0000
1013  |Info:    Registering I2C interface: /dev/i2c-6 Device 10DE:1C02 Subsystem: 19DA:2438
1013  |Info:    Registering I2C interface: /dev/i2c-13 Device 10DE:1C02 Subsystem: 19DA:2438
1013  |Info:    Registering I2C interface: /dev/i2c-4 Device 10DE:1C02 Subsystem: 19DA:2438
1014  |Info:    Registering I2C interface: /dev/i2c-11 Device 10DE:1C02 Subsystem: 19DA:2438
1014  |Info:    Registering I2C interface: /dev/i2c-2 Device 10DE:1C02 Subsystem: 19DA:2438
1014  |Info:    Registering I2C interface: /dev/i2c-0 Device 8086:A2A3 Subsystem: 1849:A2A3
1014  |Info:    Registering I2C interface: /dev/i2c-9 Device 10DE:1C02 Subsystem: 19DA:2438
1014  |Info:    Registering I2C interface: /dev/i2c-16 Device 0000:0000 Subsystem: 0000:0000
1014  |Info:    Registering I2C interface: /dev/i2c-7 Device 10DE:1C02 Subsystem: 19DA:2438
1014  |Info:    Registering I2C interface: /dev/i2c-14 Device 10DE:1C02 Subsystem: 19DA:2438
1014  |Info:    Registering I2C interface: /dev/i2c-5 Device 10DE:1C02 Subsystem: 19DA:2438
1014  |Info:    Registering I2C interface: /dev/i2c-12 Device 10DE:1C02 Subsystem: 19DA:2438
1014  |Info:    ------------------------------------------------------
1014  |Info:    |               Detecting I2C devices                |
1014  |Info:    ------------------------------------------------------
1128  |Info:    Loading plugins
1275  |Info:    ------------------------------------------------------
1275  |Info:    |               Detecting HID devices                |
1275  |Info:    ------------------------------------------------------
2341  |Info:    [Corsair Strafe Red] Registering RGB controller
2728  |Info:    [Tunable RGB Gaming Mouse G502] Registering RGB controller
2728  |Info:    ------------------------------------------------------
2728  |Info:    |              Detecting other devices               |
2728  |Info:    ------------------------------------------------------
2732  |Info:    ------------------------------------------------------
2732  |Info:    |                Detection completed                 |
2732  |Info:    ------------------------------------------------------
16437 |Info:    Closing server connection: 127.0.0.1
97806 |Info:    Closing server connection: 127.0.0.1
870307|Info:    Closing server connection: 127.0.0.1
873031|Info:    Closing server connection: 127.0.0.1
890932|Info:    Closing server connection: 127.0.0.1
899696|Info:    Closing server connection: 127.0.0.1
1115387|Info:    Closing server connection: 127.0.0.1
