    OpenRGB v0.7
    Commit:  from 
    Launched: 20220105_114709
====================================================================================================

1001  |Info:    Saving detector settings
1001  |Info:    ------------------------------------------------------
1001  |Info:    |               Start device detection               |
1001  |Info:    ------------------------------------------------------
1001  |Info:    Initializing HID interfaces: Success
1005  |Info:    ------------------------------------------------------
1005  |Info:    |             Detecting I2C interfaces               |
1005  |Info:    ------------------------------------------------------
1005  |Info:    Registering I2C interface: /dev/i2c-3 Device 10DE:1C02 Subsystem: 19DA:2438
1005  |Info:    Registering I2C interface: /dev/i2c-1 Device 10DE:1C02 Subsystem: 19DA:2438
1005  |Info:    Registering I2C interface: /dev/i2c-8 Device 10DE:1C02 Subsystem: 19DA:2438
1005  |Info:    Registering I2C interface: /dev/i2c-15 Device 0000:0000 Subsystem: 0000:0000
1005  |Info:    Registering I2C interface: /dev/i2c-13 Device 10DE:1C02 Subsystem: 19DA:2438
1005  |Info:    Registering I2C interface: /dev/i2c-4 Device 10DE:1C02 Subsystem: 19DA:2438
1005  |Info:    Registering I2C interface: /dev/i2c-2 Device 10DE:1C02 Subsystem: 19DA:2438
1006  |Info:    Registering I2C interface: /dev/i2c-9 Device 10DE:1C02 Subsystem: 19DA:2438
1006  |Info:    Registering I2C interface: /dev/i2c-7 Device 10DE:1C02 Subsystem: 19DA:2438
1006  |Info:    Registering I2C interface: /dev/i2c-14 Device 10DE:1C02 Subsystem: 19DA:2438
1006  |Info:    Registering I2C interface: /dev/i2c-12 Device 10DE:1C02 Subsystem: 19DA:2438
1006  |Info:    ------------------------------------------------------
1006  |Info:    |               Detecting I2C devices                |
1006  |Info:    ------------------------------------------------------
1010  |Info:    ------------------------------------------------------
1010  |Info:    |               Detecting HID devices                |
1010  |Info:    ------------------------------------------------------
1010  |Info:    [Corsair Strafe Red] is not initialized
1010  |Info:    [Logitech G502 Proteus Spectrum Gaming Mouse] is not initialized
1010  |Info:    ------------------------------------------------------
1010  |Info:    |              Detecting other devices               |
1010  |Info:    ------------------------------------------------------
1013  |Info:    ------------------------------------------------------
1013  |Info:    |                Detection completed                 |
1013  |Info:    ------------------------------------------------------
1013  |Dialog:  <h2>WARNING:</h2><p>One or more I2C/SMBus interfaces failed to initialize.</p><p>RGB DRAM modules and some motherboards' onboard RGB lighting will not be available without I2C/SMBus.</p><p>On Linux, this is usually because the i2c-dev module is not loaded.  You must load the i2c-dev module along with the correct i2c driver for your motherboard.  This is usually i2c-piix4 for AMD systems and i2c-i801 for Intel systems.</p><p>See <a href='https://help.openrgb.org/'>help.openrgb.org</a> for additional troubleshooting steps if you keep seeing this message.<br></p>
1136  |Info:    Loading plugins
6211  |Info:    ------------------------------------------------------
6211  |Info:    |               Start device detection               |
6211  |Info:    ------------------------------------------------------
6211  |Info:    Initializing HID interfaces: Success
6213  |Info:    ------------------------------------------------------
6213  |Info:    |             Detecting I2C interfaces               |
6213  |Info:    ------------------------------------------------------
6213  |Info:    Registering I2C interface: /dev/i2c-3 Device 10DE:1C02 Subsystem: 19DA:2438
6213  |Info:    Registering I2C interface: /dev/i2c-1 Device 10DE:1C02 Subsystem: 19DA:2438
6213  |Info:    Registering I2C interface: /dev/i2c-8 Device 10DE:1C02 Subsystem: 19DA:2438
6213  |Info:    Registering I2C interface: /dev/i2c-15 Device 0000:0000 Subsystem: 0000:0000
6214  |Info:    Registering I2C interface: /dev/i2c-13 Device 10DE:1C02 Subsystem: 19DA:2438
6214  |Info:    Registering I2C interface: /dev/i2c-4 Device 10DE:1C02 Subsystem: 19DA:2438
6214  |Info:    Registering I2C interface: /dev/i2c-2 Device 10DE:1C02 Subsystem: 19DA:2438
6214  |Info:    Registering I2C interface: /dev/i2c-9 Device 10DE:1C02 Subsystem: 19DA:2438
6214  |Info:    Registering I2C interface: /dev/i2c-7 Device 10DE:1C02 Subsystem: 19DA:2438
6214  |Info:    Registering I2C interface: /dev/i2c-14 Device 10DE:1C02 Subsystem: 19DA:2438
6214  |Info:    Registering I2C interface: /dev/i2c-12 Device 10DE:1C02 Subsystem: 19DA:2438
6214  |Info:    ------------------------------------------------------
6214  |Info:    |               Detecting I2C devices                |
6214  |Info:    ------------------------------------------------------
6217  |Info:    ------------------------------------------------------
6217  |Info:    |               Detecting HID devices                |
6217  |Info:    ------------------------------------------------------
6218  |Info:    [Corsair Strafe Red] is not initialized
6218  |Info:    [Logitech G502 Proteus Spectrum Gaming Mouse] is not initialized
6218  |Info:    ------------------------------------------------------
6218  |Info:    |              Detecting other devices               |
6218  |Info:    ------------------------------------------------------
6219  |Info:    ------------------------------------------------------
6219  |Info:    |                Detection completed                 |
6219  |Info:    ------------------------------------------------------
6219  |Dialog:  <h2>WARNING:</h2><p>One or more I2C/SMBus interfaces failed to initialize.</p><p>RGB DRAM modules and some motherboards' onboard RGB lighting will not be available without I2C/SMBus.</p><p>On Linux, this is usually because the i2c-dev module is not loaded.  You must load the i2c-dev module along with the correct i2c driver for your motherboard.  This is usually i2c-piix4 for AMD systems and i2c-i801 for Intel systems.</p><p>See <a href='https://help.openrgb.org/'>help.openrgb.org</a> for additional troubleshooting steps if you keep seeing this message.<br></p>
25970 |Info:    ------------------------------------------------------
25970 |Info:    |               Start device detection               |
25970 |Info:    ------------------------------------------------------
25970 |Info:    Initializing HID interfaces: Success
25971 |Info:    ------------------------------------------------------
25971 |Info:    |             Detecting I2C interfaces               |
25971 |Info:    ------------------------------------------------------
25972 |Info:    Registering I2C interface: /dev/i2c-3 Device 10DE:1C02 Subsystem: 19DA:2438
25972 |Info:    Registering I2C interface: /dev/i2c-1 Device 10DE:1C02 Subsystem: 19DA:2438
25972 |Info:    Registering I2C interface: /dev/i2c-8 Device 10DE:1C02 Subsystem: 19DA:2438
25972 |Info:    Registering I2C interface: /dev/i2c-15 Device 0000:0000 Subsystem: 0000:0000
25972 |Info:    Registering I2C interface: /dev/i2c-13 Device 10DE:1C02 Subsystem: 19DA:2438
25972 |Info:    Registering I2C interface: /dev/i2c-4 Device 10DE:1C02 Subsystem: 19DA:2438
25972 |Info:    Registering I2C interface: /dev/i2c-2 Device 10DE:1C02 Subsystem: 19DA:2438
25972 |Info:    Registering I2C interface: /dev/i2c-9 Device 10DE:1C02 Subsystem: 19DA:2438
25972 |Info:    Registering I2C interface: /dev/i2c-7 Device 10DE:1C02 Subsystem: 19DA:2438
25972 |Info:    Registering I2C interface: /dev/i2c-14 Device 10DE:1C02 Subsystem: 19DA:2438
25972 |Info:    Registering I2C interface: /dev/i2c-12 Device 10DE:1C02 Subsystem: 19DA:2438
25972 |Info:    ------------------------------------------------------
25972 |Info:    |               Detecting I2C devices                |
25972 |Info:    ------------------------------------------------------
25976 |Info:    ------------------------------------------------------
25976 |Info:    |               Detecting HID devices                |
25976 |Info:    ------------------------------------------------------
25976 |Info:    [Corsair Strafe Red] is not initialized
25976 |Info:    [Logitech G502 Proteus Spectrum Gaming Mouse] is not initialized
25976 |Info:    ------------------------------------------------------
25976 |Info:    |              Detecting other devices               |
25976 |Info:    ------------------------------------------------------
25977 |Info:    ------------------------------------------------------
25977 |Info:    |                Detection completed                 |
25977 |Info:    ------------------------------------------------------
25977 |Dialog:  <h2>WARNING:</h2><p>One or more I2C/SMBus interfaces failed to initialize.</p><p>RGB DRAM modules and some motherboards' onboard RGB lighting will not be available without I2C/SMBus.</p><p>On Linux, this is usually because the i2c-dev module is not loaded.  You must load the i2c-dev module along with the correct i2c driver for your motherboard.  This is usually i2c-piix4 for AMD systems and i2c-i801 for Intel systems.</p><p>See <a href='https://help.openrgb.org/'>help.openrgb.org</a> for additional troubleshooting steps if you keep seeing this message.<br></p>
